zxing/build/outputs/logs/manifest-merger-debug-report.txt
-- Merging decision tree log ---
manifest
ADDED from src/main/AndroidManifest.xml:17:1-155:12
	package
		ADDED from src/main/AndroidManifest.xml:18:11-52
		INJECTED from src/main/AndroidManifest.xml
		INJECTED from src/main/AndroidManifest.xml
	android:versionName
		ADDED from src/main/AndroidManifest.xml:19:11-38
		INJECTED from src/main/AndroidManifest.xml
		INJECTED from src/main/AndroidManifest.xml
	android:versionCode
		ADDED from src/main/AndroidManifest.xml:20:11-36
		INJECTED from src/main/AndroidManifest.xml
		INJECTED from src/main/AndroidManifest.xml
	xmlns:android
		ADDED from src/main/AndroidManifest.xml:17:11-69
	android:installLocation
		ADDED from src/main/AndroidManifest.xml:21:11-41
uses-permission#android.permission.CAMERA
ADDED from src/main/AndroidManifest.xml:23:3-62
	android:name
		ADDED from src/main/AndroidManifest.xml:23:20-60
uses-permission#android.permission.INTERNET
ADDED from src/main/AndroidManifest.xml:24:3-64
	android:name
		ADDED from src/main/AndroidManifest.xml:24:20-62
uses-permission#android.permission.VIBRATE
ADDED from src/main/AndroidManifest.xml:25:3-63
	android:name
		ADDED from src/main/AndroidManifest.xml:25:20-61
uses-permission#android.permission.FLASHLIGHT
ADDED from src/main/AndroidManifest.xml:26:3-66
	android:name
		ADDED from src/main/AndroidManifest.xml:26:20-64
uses-permission#android.permission.READ_CONTACTS
ADDED from src/main/AndroidManifest.xml:27:3-69
	android:name
		ADDED from src/main/AndroidManifest.xml:27:20-67
uses-permission#com.android.browser.permission.READ_HISTORY_BOOKMARKS
ADDED from src/main/AndroidManifest.xml:28:3-90
	android:name
		ADDED from src/main/AndroidManifest.xml:28:20-88
uses-permission#android.permission.WRITE_EXTERNAL_STORAGE
ADDED from src/main/AndroidManifest.xml:29:3-78
	android:name
		ADDED from src/main/AndroidManifest.xml:29:20-76
uses-permission#android.permission.CHANGE_WIFI_STATE
ADDED from src/main/AndroidManifest.xml:30:3-73
	android:name
		ADDED from src/main/AndroidManifest.xml:30:20-71
uses-permission#android.permission.ACCESS_WIFI_STATE
ADDED from src/main/AndroidManifest.xml:31:3-73
	android:name
		ADDED from src/main/AndroidManifest.xml:31:20-71
uses-sdk
ADDED from src/main/AndroidManifest.xml:33:3-71
	android:targetSdkVersion
		ADDED from src/main/AndroidManifest.xml:33:40-69
		INJECTED from src/main/AndroidManifest.xml
		INJECTED from src/main/AndroidManifest.xml
	android:minSdkVersion
		ADDED from src/main/AndroidManifest.xml:33:13-39
		INJECTED from src/main/AndroidManifest.xml
		INJECTED from src/main/AndroidManifest.xml
uses-feature#android.hardware.camera
ADDED from src/main/AndroidManifest.xml:36:3-82
	android:required
		ADDED from src/main/AndroidManifest.xml:36:56-80
	android:name
		ADDED from src/main/AndroidManifest.xml:36:17-55
uses-feature#android.hardware.camera.front
ADDED from src/main/AndroidManifest.xml:37:3-88
	android:required
		ADDED from src/main/AndroidManifest.xml:37:62-86
	android:name
		ADDED from src/main/AndroidManifest.xml:37:17-61
uses-feature#android.hardware.camera.autofocus
ADDED from src/main/AndroidManifest.xml:40:3-92
	android:required
		ADDED from src/main/AndroidManifest.xml:40:66-90
	android:name
		ADDED from src/main/AndroidManifest.xml:40:17-65
uses-feature#android.hardware.camera.flash
ADDED from src/main/AndroidManifest.xml:41:3-88
	android:required
		ADDED from src/main/AndroidManifest.xml:41:62-86
	android:name
		ADDED from src/main/AndroidManifest.xml:41:17-61
uses-feature#android.hardware.screen.landscape
ADDED from src/main/AndroidManifest.xml:42:3-67
	android:name
		ADDED from src/main/AndroidManifest.xml:42:17-65
uses-feature#android.hardware.wifi
ADDED from src/main/AndroidManifest.xml:43:3-80
	android:required
		ADDED from src/main/AndroidManifest.xml:43:54-78
	android:name
		ADDED from src/main/AndroidManifest.xml:43:17-53
uses-feature#android.hardware.touchscreen
ADDED from src/main/AndroidManifest.xml:45:3-62
	android:name
		ADDED from src/main/AndroidManifest.xml:45:17-60
supports-screens
ADDED from src/main/AndroidManifest.xml:48:3-52:48
	android:largeScreens
		ADDED from src/main/AndroidManifest.xml:49:21-48
	android:smallScreens
		ADDED from src/main/AndroidManifest.xml:51:21-48
	android:normalScreens
		ADDED from src/main/AndroidManifest.xml:50:21-49
	android:xlargeScreens
		ADDED from src/main/AndroidManifest.xml:48:21-49
	android:anyDensity
		ADDED from src/main/AndroidManifest.xml:52:21-46
application
ADDED from src/main/AndroidManifest.xml:54:3-153:17
	android:label
		ADDED from src/main/AndroidManifest.xml:56:16-48
	android:allowBackup
		ADDED from src/main/AndroidManifest.xml:57:16-42
	android:icon
		ADDED from src/main/AndroidManifest.xml:54:16-54
	android:logo
		ADDED from src/main/AndroidManifest.xml:55:16-54
activity#com.google.zxing.client.android.CaptureActivity
ADDED from src/main/AndroidManifest.xml:58:5-100:16
	android:clearTaskOnLaunch
		ADDED from src/main/AndroidManifest.xml:60:15-47
	android:screenOrientation
		ADDED from src/main/AndroidManifest.xml:59:15-58
	android:stateNotNeeded
		ADDED from src/main/AndroidManifest.xml:61:15-44
	android:windowSoftInputMode
		ADDED from src/main/AndroidManifest.xml:63:15-62
	android:theme
		ADDED from src/main/AndroidManifest.xml:62:15-50
	android:name
		ADDED from src/main/AndroidManifest.xml:58:15-46
intent-filter#android.intent.action.MAIN+android.intent.category.LAUNCHER
ADDED from src/main/AndroidManifest.xml:64:7-67:23
action#android.intent.action.MAIN
ADDED from src/main/AndroidManifest.xml:65:9-60
	android:name
		ADDED from src/main/AndroidManifest.xml:65:17-58
category#android.intent.category.LAUNCHER
ADDED from src/main/AndroidManifest.xml:66:9-68
	android:name
		ADDED from src/main/AndroidManifest.xml:66:19-66
intent-filter#android.intent.category.DEFAULT+com.google.zxing.client.android.SCAN
ADDED from src/main/AndroidManifest.xml:68:7-71:23
action#com.google.zxing.client.android.SCAN
ADDED from src/main/AndroidManifest.xml:69:9-70
	android:name
		ADDED from src/main/AndroidManifest.xml:69:17-68
category#android.intent.category.DEFAULT
ADDED from src/main/AndroidManifest.xml:70:9-67
	android:name
		ADDED from src/main/AndroidManifest.xml:70:19-65
intent-filter#android.intent.action.VIEW+android.intent.category.BROWSABLE+android.intent.category.DEFAULT
ADDED from src/main/AndroidManifest.xml:73:7-78:23
action#android.intent.action.VIEW
ADDED from src/main/AndroidManifest.xml:74:9-60
	android:name
		ADDED from src/main/AndroidManifest.xml:74:17-58
category#android.intent.category.BROWSABLE
ADDED from src/main/AndroidManifest.xml:76:9-69
	android:name
		ADDED from src/main/AndroidManifest.xml:76:19-67
data
ADDED from src/main/AndroidManifest.xml:77:9-92
	android:path
		ADDED from src/main/AndroidManifest.xml:77:70-90
	android:host
		ADDED from src/main/AndroidManifest.xml:77:37-69
	android:scheme
		ADDED from src/main/AndroidManifest.xml:77:15-36
activity#com.google.zxing.client.android.PreferencesActivity
ADDED from src/main/AndroidManifest.xml:101:5-103:46
	android:label
		ADDED from src/main/AndroidManifest.xml:102:15-55
	android:stateNotNeeded
		ADDED from src/main/AndroidManifest.xml:103:15-44
	android:name
		ADDED from src/main/AndroidManifest.xml:101:15-50
activity#com.google.zxing.client.android.encode.EncodeActivity
ADDED from src/main/AndroidManifest.xml:104:5-122:16
	android:stateNotNeeded
		ADDED from src/main/AndroidManifest.xml:105:15-44
	android:name
		ADDED from src/main/AndroidManifest.xml:104:15-52
intent-filter#android.intent.category.DEFAULT+com.google.zxing.client.android.ENCODE
ADDED from src/main/AndroidManifest.xml:106:7-109:23
action#com.google.zxing.client.android.ENCODE
ADDED from src/main/AndroidManifest.xml:107:9-72
	android:name
		ADDED from src/main/AndroidManifest.xml:107:17-70
intent-filter#android.intent.action.SEND+android.intent.category.DEFAULT
ADDED from src/main/AndroidManifest.xml:111:7-115:23
action#android.intent.action.SEND
ADDED from src/main/AndroidManifest.xml:112:9-60
	android:name
		ADDED from src/main/AndroidManifest.xml:112:17-58
activity#com.google.zxing.client.android.book.SearchBookContentsActivity
ADDED from src/main/AndroidManifest.xml:123:5-131:16
	android:screenOrientation
		ADDED from src/main/AndroidManifest.xml:126:15-58
	android:label
		ADDED from src/main/AndroidManifest.xml:124:15-47
	android:stateNotNeeded
		ADDED from src/main/AndroidManifest.xml:125:15-44
	android:name
		ADDED from src/main/AndroidManifest.xml:123:15-62
intent-filter#android.intent.category.DEFAULT+com.google.zxing.client.android.SEARCH_BOOK_CONTENTS
ADDED from src/main/AndroidManifest.xml:127:7-130:23
action#com.google.zxing.client.android.SEARCH_BOOK_CONTENTS
ADDED from src/main/AndroidManifest.xml:128:9-86
	android:name
		ADDED from src/main/AndroidManifest.xml:128:17-84
activity#com.google.zxing.client.android.share.ShareActivity
ADDED from src/main/AndroidManifest.xml:132:5-139:16
	android:screenOrientation
		ADDED from src/main/AndroidManifest.xml:134:15-47
	android:stateNotNeeded
		ADDED from src/main/AndroidManifest.xml:133:15-44
	android:name
		ADDED from src/main/AndroidManifest.xml:132:15-50
intent-filter#android.intent.category.DEFAULT+com.google.zxing.client.android.SHARE
ADDED from src/main/AndroidManifest.xml:135:7-138:23
action#com.google.zxing.client.android.SHARE
ADDED from src/main/AndroidManifest.xml:136:9-71
	android:name
		ADDED from src/main/AndroidManifest.xml:136:17-69
activity#com.google.zxing.client.android.history.HistoryActivity
ADDED from src/main/AndroidManifest.xml:140:5-142:46
	android:label
		ADDED from src/main/AndroidManifest.xml:141:15-52
	android:stateNotNeeded
		ADDED from src/main/AndroidManifest.xml:142:15-44
	android:name
		ADDED from src/main/AndroidManifest.xml:140:15-54
activity#com.google.zxing.client.android.share.BookmarkPickerActivity
ADDED from src/main/AndroidManifest.xml:143:5-145:46
	android:label
		ADDED from src/main/AndroidManifest.xml:144:15-59
	android:stateNotNeeded
		ADDED from src/main/AndroidManifest.xml:145:15-44
	android:name
		ADDED from src/main/AndroidManifest.xml:143:15-59
activity#com.google.zxing.client.android.share.AppPickerActivity
ADDED from src/main/AndroidManifest.xml:146:5-148:46
	android:label
		ADDED from src/main/AndroidManifest.xml:147:15-54
	android:stateNotNeeded
		ADDED from src/main/AndroidManifest.xml:148:15-44
	android:name
		ADDED from src/main/AndroidManifest.xml:146:15-54
activity#com.google.zxing.client.android.HelpActivity
ADDED from src/main/AndroidManifest.xml:149:5-152:46
	android:screenOrientation
		ADDED from src/main/AndroidManifest.xml:151:15-47
	android:label
		ADDED from src/main/AndroidManifest.xml:150:15-48
	android:stateNotNeeded
		ADDED from src/main/AndroidManifest.xml:152:15-44
	android:name
		ADDED from src/main/AndroidManifest.xml:149:15-43